[2021-10-16 14:10:29] Текст ошибкиСтраница не найдено| Файл C:\OpenServer\domains\ishop.loc\public\index.php | Строка 10
 --------------------------------------------------------------------------------------
[2021-10-16 14:10:48] Текст ошибкиСтраница не найдено| Файл C:\OpenServer\domains\ishop.loc\public\index.php | Строка 10
 --------------------------------------------------------------------------------------
[2021-10-16 14:10:31] Текст ошибкиСтраница не найдено| Файл C:\OpenServer\domains\ishop.loc\public\index.php | Строка 10
 --------------------------------------------------------------------------------------
[2021-10-16 14:10:01] Текст ошибкиСтраница не найдено| Файл C:\OpenServer\domains\ishop.loc\public\index.php | Строка 10
 --------------------------------------------------------------------------------------
[2021-10-16 14:10:12] Текст ошибкиСтраница не найдено| Файл C:\OpenServer\domains\ishop.loc\public\index.php | Строка 10
 --------------------------------------------------------------------------------------
[2021-10-16 14:10:12] Текст ошибкиСтраница не найдено| Файл C:\OpenServer\domains\ishop.loc\public\index.php | Строка 10
 --------------------------------------------------------------------------------------
[2021-10-16 14:10:00] Текст ошибкиСтраница не найдено| Файл C:\OpenServer\domains\ishop.loc\public\index.php | Строка 10
 --------------------------------------------------------------------------------------
[2021-10-16 14:10:00] Текст ошибкиСтраница не найдено| Файл C:\OpenServer\domains\ishop.loc\public\index.php | Строка 10
 --------------------------------------------------------------------------------------
[2021-10-16 14:10:12] Текст ошибкиСтраница не найдено| Файл C:\OpenServer\domains\ishop.loc\public\index.php | Строка 10
 --------------------------------------------------------------------------------------
[2021-10-16 14:10:30] Текст ошибкиСтраница не найдено| Файл C:\OpenServer\domains\ishop.loc\public\index.php | Строка 10
 --------------------------------------------------------------------------------------
[2021-10-16 14:10:32] Текст ошибкиСтраница не найдено| Файл C:\OpenServer\domains\ishop.loc\public\index.php | Строка 10
 --------------------------------------------------------------------------------------
[2021-10-16 14:10:33] Текст ошибкиСтраница не найдено| Файл C:\OpenServer\domains\ishop.loc\public\index.php | Строка 10
 --------------------------------------------------------------------------------------
[2021-10-16 14:10:05] Текст ошибкиСтраница не найдено| Файл C:\OpenServer\domains\ishop.loc\public\index.php | Строка 10
 --------------------------------------------------------------------------------------
[2021-10-16 14:10:02] Текст ошибкиСтраница не найдено| Файл C:\OpenServer\domains\ishop.loc\public\index.php | Строка 10
 --------------------------------------------------------------------------------------
[2021-10-16 14:10:12] Текст ошибкиСтраница не найдено| Файл C:\OpenServer\domains\ishop.loc\public\index.php | Строка 10
 --------------------------------------------------------------------------------------
[2021-10-16 14:10:38] Текст ошибки: Страница не найдено| Файл C:\OpenServer\domains\ishop.loc\public\index.php | Строка 10
 --------------------------------------------------------------------------------------
[2021-10-16 14:10:56] Текст ошибки: Страница не найдено| Файл C:\OpenServer\domains\ishop.loc\public\index.php | Строка 10
 --------------------------------------------------------------------------------------
[2021-10-16 17:10:36] Текст ошибки: Страница не найдено| Файл C:\OpenServer\domains\ishop.loc\vendor\ishop\core\Router.php | Строка 32
 --------------------------------------------------------------------------------------
[2021-10-16 17:10:36] Текст ошибки: Страница не найдено| Файл C:\OpenServer\domains\ishop.loc\vendor\ishop\core\Router.php | Строка 32
 --------------------------------------------------------------------------------------
[2021-10-16 17:10:13] Текст ошибки: Страница не найдено| Файл C:\OpenServer\domains\ishop.loc\vendor\ishop\core\Router.php | Строка 32
 --------------------------------------------------------------------------------------
[2021-10-16 17:10:20] Текст ошибки: Страница не найдено| Файл C:\OpenServer\domains\ishop.loc\vendor\ishop\core\Router.php | Строка 32
 --------------------------------------------------------------------------------------
[2021-10-16 17:10:00] Текст ошибки: Страница не найдено| Файл C:\OpenServer\domains\ishop.loc\vendor\ishop\core\Router.php | Строка 32
 --------------------------------------------------------------------------------------
[2021-10-16 17:10:29] Текст ошибки: Страница не найдено| Файл C:\OpenServer\domains\ishop.loc\vendor\ishop\core\Router.php | Строка 33
 --------------------------------------------------------------------------------------
[2021-10-16 18:10:44] Текст ошибки: Контроллер app\Controlles\AdminFffController не найдено| Файл C:\OpenServer\domains\ishop.loc\vendor\ishop\core\Router.php | Строка 34
 --------------------------------------------------------------------------------------
[2021-10-16 18:10:56] Текст ошибки: Контроллер app\Controlles\AdminFffController не найдено| Файл C:\OpenServer\domains\ishop.loc\vendor\ishop\core\Router.php | Строка 34
 --------------------------------------------------------------------------------------
[2021-10-16 18:10:48] Текст ошибки: Контроллер app\Controlles\AdminFffController не найдено| Файл C:\OpenServer\domains\ishop.loc\vendor\ishop\core\Router.php | Строка 35
 --------------------------------------------------------------------------------------
[2021-10-16 18:10:51] Текст ошибки: Контроллер app\Controlles\MainController не найдено| Файл C:\OpenServer\domains\ishop.loc\vendor\ishop\core\Router.php | Строка 35
 --------------------------------------------------------------------------------------
[2021-10-16 18:10:52] Текст ошибки: Контроллер app\Controlles\MainController не найдено| Файл C:\OpenServer\domains\ishop.loc\vendor\ishop\core\Router.php | Строка 35
 --------------------------------------------------------------------------------------
[2021-10-16 18:10:56] Текст ошибки: Контроллер app\Controlles\MainController не найдено| Файл C:\OpenServer\domains\ishop.loc\vendor\ishop\core\Router.php | Строка 35
 --------------------------------------------------------------------------------------
[2021-10-16 18:10:56] Текст ошибки: Контроллер app\Controlles\MainController не найдено| Файл C:\OpenServer\domains\ishop.loc\vendor\ishop\core\Router.php | Строка 35
 --------------------------------------------------------------------------------------
[2021-10-16 18:10:45] Текст ошибки: Контроллер app\Controlles\MainController не найдено| Файл C:\OpenServer\domains\ishop.loc\vendor\ishop\core\Router.php | Строка 35
 --------------------------------------------------------------------------------------
[2021-10-16 18:10:35] Текст ошибки: Class 'app\Controlles\MainController' not found| Файл C:\OpenServer\domains\ishop.loc\vendor\ishop\core\Router.php | Строка 32
 --------------------------------------------------------------------------------------
[2021-10-16 18:10:25] Текст ошибки: Class 'app\Controlles\MainController' not found| Файл C:\OpenServer\domains\ishop.loc\vendor\ishop\core\Router.php | Строка 32
 --------------------------------------------------------------------------------------
[2021-10-16 18:10:54] Текст ошибки: Class 'App\Controlles\MainController' not found| Файл C:\OpenServer\domains\ishop.loc\vendor\ishop\core\Router.php | Строка 32
 --------------------------------------------------------------------------------------
[2021-10-16 18:10:55] Текст ошибки: Страница не найдено| Файл C:\OpenServer\domains\ishop.loc\vendor\ishop\core\Router.php | Строка 39
 --------------------------------------------------------------------------------------
[2021-10-16 18:10:37] Текст ошибки: Class 'App\Controlles\MainController' not found| Файл C:\OpenServer\domains\ishop.loc\vendor\ishop\core\Router.php | Строка 32
 --------------------------------------------------------------------------------------
[2021-10-16 18:10:49] Текст ошибки: Class 'App\Controlles\MainController' not found| Файл C:\OpenServer\domains\ishop.loc\vendor\ishop\core\Router.php | Строка 32
 --------------------------------------------------------------------------------------
[2021-10-16 18:10:11] Текст ошибки: Class 'App\Controlles\MainController' not found| Файл C:\OpenServer\domains\ishop.loc\vendor\ishop\core\Router.php | Строка 32
 --------------------------------------------------------------------------------------
[2021-10-16 18:10:22] Текст ошибки: Class 'App\Controlles\MainController' not found| Файл C:\OpenServer\domains\ishop.loc\vendor\ishop\core\Router.php | Строка 32
 --------------------------------------------------------------------------------------
[2021-10-16 18:10:25] Текст ошибки: Страница не найдено| Файл C:\OpenServer\domains\ishop.loc\vendor\ishop\core\Router.php | Строка 39
 --------------------------------------------------------------------------------------
[2021-10-16 18:10:26] Текст ошибки: Class 'App\Controlles\FvmnfvController' not found| Файл C:\OpenServer\domains\ishop.loc\vendor\ishop\core\Router.php | Строка 32
 --------------------------------------------------------------------------------------
[2021-10-16 18:10:02] Текст ошибки: Страница не найдено| Файл C:\OpenServer\domains\ishop.loc\vendor\ishop\core\Router.php | Строка 39
 --------------------------------------------------------------------------------------
[2021-10-16 18:10:34] Текст ошибки: Class 'App\Controlles\FvmnfvController' not found| Файл C:\OpenServer\domains\ishop.loc\vendor\ishop\core\Router.php | Строка 32
 --------------------------------------------------------------------------------------
[2021-10-16 18:10:40] Текст ошибки: Class 'App\Controlles\MainController' not found| Файл C:\OpenServer\domains\ishop.loc\vendor\ishop\core\Router.php | Строка 32
 --------------------------------------------------------------------------------------
[2021-10-16 18:10:46] Текст ошибки: Class 'App\Controlles\MainController' not found| Файл C:\OpenServer\domains\ishop.loc\vendor\ishop\core\Router.php | Строка 32
 --------------------------------------------------------------------------------------
[2021-10-16 18:10:05] Текст ошибки: Контроллер App\Controlles\MainController не найдено| Файл C:\OpenServer\domains\ishop.loc\vendor\ishop\core\Router.php | Строка 35
 --------------------------------------------------------------------------------------
[2021-10-16 18:10:05] Текст ошибки: Метод App\Controllers\MainController::indexAction не найдено| Файл C:\OpenServer\domains\ishop.loc\vendor\ishop\core\Router.php | Строка 37
 --------------------------------------------------------------------------------------
[2021-10-16 18:10:49] Текст ошибки: Контроллер App\Controllers\DjvjvController не найдено| Файл C:\OpenServer\domains\ishop.loc\vendor\ishop\core\Router.php | Строка 40
 --------------------------------------------------------------------------------------
[2021-10-16 20:10:52] Текст ошибки: Cannot instantiate abstract class Ishop\Base\BaseModel| Файл C:\OpenServer\domains\ishop.loc\vendor\ishop\core\base\BaseController.php | Строка 32
 --------------------------------------------------------------------------------------
[2021-10-16 20:10:03] Текст ошибки: Не найден вид C:\OpenServer\domains\ishop.loc/app/View/ Main/index.php| Файл C:\OpenServer\domains\ishop.loc\vendor\ishop\core\base\BaseModel.php | Строка 41
 --------------------------------------------------------------------------------------
[2021-10-16 20:10:02] Текст ошибки: Не найден вид C:\OpenServer\domains\ishop.loc/app/View/ Main/index.php| Файл C:\OpenServer\domains\ishop.loc\vendor\ishop\core\base\BaseModel.php | Строка 41
 --------------------------------------------------------------------------------------
[2021-10-16 20:10:05] Текст ошибки: Не найден вид C:\OpenServer\domains\ishop.loc/app/Views/ Main/index.php| Файл C:\OpenServer\domains\ishop.loc\vendor\ishop\core\base\BaseModel.php | Строка 41
 --------------------------------------------------------------------------------------
[2021-10-16 20:10:58] Текст ошибки: Не найден вид C:\OpenServer\domains\ishop.loc/app/Views/ Main/index.php| Файл C:\OpenServer\domains\ishop.loc\vendor\ishop\core\base\BaseModel.php | Строка 41
 --------------------------------------------------------------------------------------
[2021-10-16 20:10:35] Текст ошибки: Не найден вид C:\OpenServer\domains\ishop.loc/App/Views/ Main/index.php| Файл C:\OpenServer\domains\ishop.loc\vendor\ishop\core\base\BaseModel.php | Строка 41
 --------------------------------------------------------------------------------------
[2021-10-16 20:10:06] Текст ошибки: Не найден вид C:\OpenServer\domains\ishop.loc/app/Views/ Main/index.php| Файл C:\OpenServer\domains\ishop.loc\vendor\ishop\core\base\BaseModel.php | Строка 41
 --------------------------------------------------------------------------------------
[2021-10-16 20:10:28] Текст ошибки: Не найден шфблон C:\OpenServer\domains\ishop.loc/app/Views/Layouts/default.php| Файл C:\OpenServer\domains\ishop.loc\vendor\ishop\core\base\BaseModel.php | Строка 49
 --------------------------------------------------------------------------------------
[2021-10-17 10:10:05] Текст ошибки: Страница не найдено| Файл C:\OpenServer\domains\ishop.loc\vendor\ishop\core\Router.php | Строка 44
 --------------------------------------------------------------------------------------
[2021-10-17 10:10:10] Текст ошибки: Страница не найдено| Файл C:\OpenServer\domains\ishop.loc\vendor\ishop\core\Router.php | Строка 44
 --------------------------------------------------------------------------------------
[2021-10-17 10:10:12] Текст ошибки: Контроллер App\Controllers\SjcsbcController не найдено| Файл C:\OpenServer\domains\ishop.loc\vendor\ishop\core\Router.php | Строка 41
 --------------------------------------------------------------------------------------
[2021-10-17 10:10:24] Текст ошибки: Call to undefined method Ishop\Base\BaseModel::getMeta()| Файл C:\OpenServer\domains\ishop.loc\app\Views\Layouts\default.php | Строка 10
 --------------------------------------------------------------------------------------
[2021-10-17 10:10:18] Текст ошибки: Контроллер App\Controllers\DjvjvController не найдено| Файл C:\OpenServer\domains\ishop.loc\vendor\ishop\core\Router.php | Строка 41
 --------------------------------------------------------------------------------------
[2021-10-17 10:10:52] Текст ошибки: Контроллер App\Controllers\DjvjvController не найдено| Файл C:\OpenServer\domains\ishop.loc\vendor\ishop\core\Router.php | Строка 41
 --------------------------------------------------------------------------------------
[2021-10-17 10:10:10] Текст ошибки: Страница не найдено| Файл C:\OpenServer\domains\ishop.loc\vendor\ishop\core\Router.php | Строка 44
 --------------------------------------------------------------------------------------
[2021-10-17 11:10:12] Текст ошибки: Контроллер App\Controllers\PageController не найдено| Файл C:\OpenServer\domains\ishop.loc\vendor\ishop\core\Router.php | Строка 43
 --------------------------------------------------------------------------------------
[2021-10-17 11:10:12] Текст ошибки: Не найден вид C:\OpenServer\domains\ishop.loc/app/Views/Page/index.php| Файл C:\OpenServer\domains\ishop.loc\vendor\ishop\core\base\BaseView.php | Строка 43
 --------------------------------------------------------------------------------------
[2021-10-17 11:10:25] Текст ошибки: Не найден вид C:\OpenServer\domains\ishop.loc/app/Views/Page/index.php| Файл C:\OpenServer\domains\ishop.loc\vendor\ishop\core\base\BaseView.php | Строка 43
 --------------------------------------------------------------------------------------
[2021-10-17 12:10:44] Текст ошибки: Argument 1 passed to RedBeanPHP\Util\DispenseHelper::dispense() must be an instance of RedBeanPHP\OODB, null given, called in C:\OpenServer\domains\ishop.loc\vendor\gabordemooij\redbean\RedBeanPHP\Facade.php on line 905| Файл C:\OpenServer\domains\ishop.loc\vendor\gabordemooij\redbean\RedBeanPHP\Util\DispenseHelper.php | Строка 127
 --------------------------------------------------------------------------------------
[2021-10-17 12:10:58] Текст ошибки: Argument 1 passed to RedBeanPHP\Util\DispenseHelper::dispense() must be an instance of RedBeanPHP\OODB, null given, called in C:\OpenServer\domains\ishop.loc\vendor\gabordemooij\redbean\RedBeanPHP\Facade.php on line 905| Файл C:\OpenServer\domains\ishop.loc\vendor\gabordemooij\redbean\RedBeanPHP\Util\DispenseHelper.php | Строка 127
 --------------------------------------------------------------------------------------
[2021-10-17 12:10:37] Текст ошибки: Argument 1 passed to RedBeanPHP\Util\DispenseHelper::dispense() must be an instance of RedBeanPHP\OODB, null given, called in C:\OpenServer\domains\ishop.loc\vendor\gabordemooij\redbean\RedBeanPHP\Facade.php on line 905| Файл C:\OpenServer\domains\ishop.loc\vendor\gabordemooij\redbean\RedBeanPHP\Util\DispenseHelper.php | Строка 127
 --------------------------------------------------------------------------------------
[2021-10-17 12:10:32] Текст ошибки: Страница не найдено| Файл C:\OpenServer\domains\ishop.loc\vendor\ishop\core\Router.php | Строка 45
 --------------------------------------------------------------------------------------
[2021-10-17 12:10:33] Текст ошибки: Страница не найдено| Файл C:\OpenServer\domains\ishop.loc\vendor\ishop\core\Router.php | Строка 45
 --------------------------------------------------------------------------------------
[2021-10-17 12:10:48] Текст ошибки: Class 'R' not found| Файл C:\OpenServer\domains\ishop.loc\app\Views\Layouts\default.php | Строка 17
 --------------------------------------------------------------------------------------
[2021-10-17 12:10:58] Текст ошибки: Class 'R' not found| Файл C:\OpenServer\domains\ishop.loc\app\Views\Layouts\default.php | Строка 17
 --------------------------------------------------------------------------------------
[2021-10-17 13:10:00] Текст ошибки: Не найден вид C:\OpenServer\domains\ishop.loc/app/Views/Page/index.php| Файл C:\OpenServer\domains\ishop.loc\vendor\ishop\core\base\BaseView.php | Строка 43
 --------------------------------------------------------------------------------------
[2021-10-17 14:10:20] Текст ошибки: Страница не найдено| Файл C:\OpenServer\domains\ishop.loc\vendor\ishop\core\Router.php | Строка 45
 --------------------------------------------------------------------------------------
[2021-10-17 14:10:21] Текст ошибки: Страница не найдено| Файл C:\OpenServer\domains\ishop.loc\vendor\ishop\core\Router.php | Строка 45
 --------------------------------------------------------------------------------------
[2021-10-17 14:10:24] Текст ошибки: Страница не найдено| Файл C:\OpenServer\domains\ishop.loc\vendor\ishop\core\Router.php | Строка 45
 --------------------------------------------------------------------------------------
[2021-10-17 14:10:20] Текст ошибки: Страница не найдено| Файл C:\OpenServer\domains\ishop.loc\vendor\ishop\core\Router.php | Строка 45
 --------------------------------------------------------------------------------------
[2021-10-17 14:10:52] Текст ошибки: SQLSTATE[42000]: Syntax error or access violation: 1064 You have an error in your SQL syntax; check the manual that corresponds to your MySQL server version for the right syntax to use near 'status='1' limit=8  -- keep-cache' at line 1| Файл C:\OpenServer\domains\ishop.loc\vendor\gabordemooij\redbean\RedBeanPHP\Driver\RPDO.php | Строка 202
 --------------------------------------------------------------------------------------
[2021-10-17 14:10:10] Текст ошибки: SQLSTATE[42000]: Syntax error or access violation: 1064 You have an error in your SQL syntax; check the manual that corresponds to your MySQL server version for the right syntax to use near '=8  -- keep-cache' at line 1| Файл C:\OpenServer\domains\ishop.loc\vendor\gabordemooij\redbean\RedBeanPHP\Driver\RPDO.php | Строка 202
 --------------------------------------------------------------------------------------
[2021-10-17 14:10:44] Текст ошибки: SQLSTATE[42000]: Syntax error or access violation: 1064 You have an error in your SQL syntax; check the manual that corresponds to your MySQL server version for the right syntax to use near '=8  -- keep-cache' at line 1| Файл C:\OpenServer\domains\ishop.loc\vendor\gabordemooij\redbean\RedBeanPHP\Driver\RPDO.php | Строка 202
 --------------------------------------------------------------------------------------
[2021-10-17 15:10:52] Текст ошибки: Страница не найдено| Файл C:\OpenServer\domains\ishop.loc\vendor\ishop\core\Router.php | Строка 45
 --------------------------------------------------------------------------------------
[2021-10-17 15:10:29] Текст ошибки: Страница не найдено| Файл C:\OpenServer\domains\ishop.loc\vendor\ishop\core\Router.php | Строка 45
 --------------------------------------------------------------------------------------
[2021-10-17 15:10:17] Текст ошибки: Страница не найдено| Файл C:\OpenServer\domains\ishop.loc\vendor\ishop\core\Router.php | Строка 45
 --------------------------------------------------------------------------------------
[2021-10-17 15:10:48] Текст ошибки: Страница не найдено| Файл C:\OpenServer\domains\ishop.loc\vendor\ishop\core\Router.php | Строка 45
 --------------------------------------------------------------------------------------
[2021-10-17 15:10:53] Текст ошибки: Страница не найдено| Файл C:\OpenServer\domains\ishop.loc\vendor\ishop\core\Router.php | Строка 45
 --------------------------------------------------------------------------------------
[2021-10-17 15:10:54] Текст ошибки: Страница не найдено| Файл C:\OpenServer\domains\ishop.loc\vendor\ishop\core\Router.php | Строка 45
 --------------------------------------------------------------------------------------
[2021-10-17 15:10:56] Текст ошибки: Страница не найдено| Файл C:\OpenServer\domains\ishop.loc\vendor\ishop\core\Router.php | Строка 45
 --------------------------------------------------------------------------------------
[2021-10-17 15:10:16] Текст ошибки: Страница не найдено| Файл C:\OpenServer\domains\ishop.loc\vendor\ishop\core\Router.php | Строка 45
 --------------------------------------------------------------------------------------
[2021-10-17 15:10:20] Текст ошибки: Страница не найдено| Файл C:\OpenServer\domains\ishop.loc\vendor\ishop\core\Router.php | Строка 45
 --------------------------------------------------------------------------------------
[2021-10-17 15:10:10] Текст ошибки: Страница не найдено| Файл C:\OpenServer\domains\ishop.loc\vendor\ishop\core\Router.php | Строка 45
 --------------------------------------------------------------------------------------
[2021-10-17 15:10:34] Текст ошибки: Страница не найдено| Файл C:\OpenServer\domains\ishop.loc\vendor\ishop\core\Router.php | Строка 45
 --------------------------------------------------------------------------------------
[2021-10-17 15:10:35] Текст ошибки: Страница не найдено| Файл C:\OpenServer\domains\ishop.loc\vendor\ishop\core\Router.php | Строка 45
 --------------------------------------------------------------------------------------
[2021-10-17 15:10:35] Текст ошибки: Страница не найдено| Файл C:\OpenServer\domains\ishop.loc\vendor\ishop\core\Router.php | Строка 45
 --------------------------------------------------------------------------------------
[2021-10-17 15:10:29] Текст ошибки: Страница не найдено| Файл C:\OpenServer\domains\ishop.loc\vendor\ishop\core\Router.php | Строка 45
 --------------------------------------------------------------------------------------
[2021-10-17 15:10:51] Текст ошибки: Страница не найдено| Файл C:\OpenServer\domains\ishop.loc\vendor\ishop\core\Router.php | Строка 45
 --------------------------------------------------------------------------------------
[2021-10-17 15:10:51] Текст ошибки: Страница не найдено| Файл C:\OpenServer\domains\ishop.loc\vendor\ishop\core\Router.php | Строка 45
 --------------------------------------------------------------------------------------
[2021-10-17 15:10:00] Текст ошибки: Страница не найдено| Файл C:\OpenServer\domains\ishop.loc\vendor\ishop\core\Router.php | Строка 45
 --------------------------------------------------------------------------------------
[2021-10-17 15:10:01] Текст ошибки: Страница не найдено| Файл C:\OpenServer\domains\ishop.loc\vendor\ishop\core\Router.php | Строка 45
 --------------------------------------------------------------------------------------
[2021-10-17 15:10:34] Текст ошибки: Страница не найдено| Файл C:\OpenServer\domains\ishop.loc\vendor\ishop\core\Router.php | Строка 45
 --------------------------------------------------------------------------------------
[2021-10-17 15:10:34] Текст ошибки: Страница не найдено| Файл C:\OpenServer\domains\ishop.loc\vendor\ishop\core\Router.php | Строка 45
 --------------------------------------------------------------------------------------
[2021-10-17 15:10:53] Текст ошибки: Страница не найдено| Файл C:\OpenServer\domains\ishop.loc\vendor\ishop\core\Router.php | Строка 45
 --------------------------------------------------------------------------------------
[2021-10-17 15:10:45] Текст ошибки: Страница не найдено| Файл C:\OpenServer\domains\ishop.loc\vendor\ishop\core\Router.php | Строка 45
 --------------------------------------------------------------------------------------
[2021-10-17 15:10:57] Текст ошибки: Контроллер App\Controllers\CartController не найдено| Файл C:\OpenServer\domains\ishop.loc\vendor\ishop\core\Router.php | Строка 42
 --------------------------------------------------------------------------------------
[2021-10-17 15:10:59] Текст ошибки: Страница не найдено| Файл C:\OpenServer\domains\ishop.loc\vendor\ishop\core\Router.php | Строка 45
 --------------------------------------------------------------------------------------
[2021-10-17 15:10:18] Текст ошибки: Страница не найдено| Файл C:\OpenServer\domains\ishop.loc\vendor\ishop\core\Router.php | Строка 45
 --------------------------------------------------------------------------------------
[2021-10-17 15:10:47] Текст ошибки: Контроллер App\Controllers\CartController не найдено| Файл C:\OpenServer\domains\ishop.loc\vendor\ishop\core\Router.php | Строка 42
 --------------------------------------------------------------------------------------
[2021-10-18 10:10:59] Текст ошибки: Страница не найдено| Файл C:\OpenServer\domains\ishop.loc\vendor\ishop\core\Router.php | Строка 45
 --------------------------------------------------------------------------------------
[2021-10-18 10:10:01] Текст ошибки: Страница не найдено| Файл C:\OpenServer\domains\ishop.loc\vendor\ishop\core\Router.php | Строка 45
 --------------------------------------------------------------------------------------
[2021-10-21 20:10:48] Текст ошибки: Страница не найдено| Файл C:\OpenServer\domains\ishop.loc\vendor\ishop\core\Router.php | Строка 45
 --------------------------------------------------------------------------------------
[2021-10-21 20:10:52] Текст ошибки: Страница не найдено| Файл C:\OpenServer\domains\ishop.loc\vendor\ishop\core\Router.php | Строка 45
 --------------------------------------------------------------------------------------
[2021-10-21 20:10:43] Текст ошибки: SQLSTATE[42000]: Syntax error or access violation: 1064 You have an error in your SQL syntax; check the manual that corresponds to your MySQL server version for the right syntax to use near 'SELCET title,code,sumbol_left,sumbol_right,value,base FROM currency ORDER BY bas' at line 1| Файл C:\OpenServer\domains\ishop.loc\vendor\gabordemooij\redbean\RedBeanPHP\Driver\RPDO.php | Строка 202
 --------------------------------------------------------------------------------------
[2021-10-21 20:10:02] Текст ошибки: SQLSTATE[42000]: Syntax error or access violation: 1064 You have an error in your SQL syntax; check the manual that corresponds to your MySQL server version for the right syntax to use near 'SELCET title, code, sumbol_left, sumbol_right, value, base FROM currency ORDER B' at line 1| Файл C:\OpenServer\domains\ishop.loc\vendor\gabordemooij\redbean\RedBeanPHP\Driver\RPDO.php | Строка 202
 --------------------------------------------------------------------------------------
[2021-10-21 20:10:23] Текст ошибки: SQLSTATE[42S22]: Column not found: 1054 Unknown column 'sumbol_left' in 'field list'| Файл C:\OpenServer\domains\ishop.loc\vendor\gabordemooij\redbean\RedBeanPHP\Driver\RPDO.php | Строка 202
 --------------------------------------------------------------------------------------
[2021-10-21 20:10:33] Текст ошибки: Call to undefined method Ishop\Registry::setPropery()| Файл C:\OpenServer\domains\ishop.loc\app\Controllers\Controller.php | Строка 16
 --------------------------------------------------------------------------------------
[2021-10-21 20:10:52] Текст ошибки: Call to undefined method Ishop\Registry::setPropery()| Файл C:\OpenServer\domains\ishop.loc\app\Controllers\Controller.php | Строка 16
 --------------------------------------------------------------------------------------
[2021-10-21 20:10:43] Текст ошибки: Call to undefined method Ishop\Registry::setPropery()| Файл C:\OpenServer\domains\ishop.loc\app\Controllers\Controller.php | Строка 16
 --------------------------------------------------------------------------------------
[2021-10-21 20:10:04] Текст ошибки: Call to undefined method Ishop\Registry::setPropery()| Файл C:\OpenServer\domains\ishop.loc\app\Controllers\Controller.php | Строка 16
 --------------------------------------------------------------------------------------
[2021-10-21 20:10:05] Текст ошибки: Call to undefined method Ishop\Registry::setPropery()| Файл C:\OpenServer\domains\ishop.loc\app\Controllers\Controller.php | Строка 16
 --------------------------------------------------------------------------------------
[2021-10-21 20:10:05] Текст ошибки: Call to undefined method Ishop\Registry::setPropery()| Файл C:\OpenServer\domains\ishop.loc\app\Controllers\Controller.php | Строка 16
 --------------------------------------------------------------------------------------
[2021-10-21 20:10:05] Текст ошибки: Call to undefined method Ishop\Registry::setPropery()| Файл C:\OpenServer\domains\ishop.loc\app\Controllers\Controller.php | Строка 16
 --------------------------------------------------------------------------------------
[2021-10-21 20:10:36] Текст ошибки: Call to undefined method Ishop\Registry::setPropery()| Файл C:\OpenServer\domains\ishop.loc\app\Controllers\Controller.php | Строка 16
 --------------------------------------------------------------------------------------
[2021-10-21 20:10:36] Текст ошибки: Call to undefined method Ishop\Registry::setPropery()| Файл C:\OpenServer\domains\ishop.loc\app\Controllers\Controller.php | Строка 16
 --------------------------------------------------------------------------------------
[2021-10-21 20:10:36] Текст ошибки: Call to undefined method Ishop\Registry::setPropery()| Файл C:\OpenServer\domains\ishop.loc\app\Controllers\Controller.php | Строка 16
 --------------------------------------------------------------------------------------
[2021-10-21 20:10:37] Текст ошибки: Call to undefined method Ishop\Registry::setPropery()| Файл C:\OpenServer\domains\ishop.loc\app\Controllers\Controller.php | Строка 16
 --------------------------------------------------------------------------------------
[2021-10-21 20:10:37] Текст ошибки: Call to undefined method Ishop\Registry::setPropery()| Файл C:\OpenServer\domains\ishop.loc\app\Controllers\Controller.php | Строка 16
 --------------------------------------------------------------------------------------
[2021-10-21 20:10:37] Текст ошибки: Call to undefined method Ishop\Registry::setPropery()| Файл C:\OpenServer\domains\ishop.loc\app\Controllers\Controller.php | Строка 16
 --------------------------------------------------------------------------------------
[2021-10-21 20:10:37] Текст ошибки: Call to undefined method Ishop\Registry::setPropery()| Файл C:\OpenServer\domains\ishop.loc\app\Controllers\Controller.php | Строка 16
 --------------------------------------------------------------------------------------
[2021-10-21 21:10:50] Текст ошибки: Страница не найдено| Файл C:\OpenServer\domains\ishop.loc\vendor\ishop\core\Router.php | Строка 45
 --------------------------------------------------------------------------------------
[2021-10-21 21:10:55] Текст ошибки: Страница не найдено| Файл C:\OpenServer\domains\ishop.loc\vendor\ishop\core\Router.php | Строка 45
 --------------------------------------------------------------------------------------
[2021-10-21 21:10:58] Текст ошибки: Страница не найдено| Файл C:\OpenServer\domains\ishop.loc\vendor\ishop\core\Router.php | Строка 45
 --------------------------------------------------------------------------------------
[2021-10-21 21:10:03] Текст ошибки: Страница не найдено| Файл C:\OpenServer\domains\ishop.loc\vendor\ishop\core\Router.php | Строка 45
 --------------------------------------------------------------------------------------
[2021-10-21 21:10:27] Текст ошибки: Страница не найдено| Файл C:\OpenServer\domains\ishop.loc\vendor\ishop\core\Router.php | Строка 45
 --------------------------------------------------------------------------------------
[2021-12-04 16:12:26] Текст ошибки: Страница не найдено| Файл C:\OpenServer\domains\ishop.loc\vendor\ishop\core\Router.php | Строка 45
 --------------------------------------------------------------------------------------
[2021-12-04 16:12:28] Текст ошибки: Страница не найдено| Файл C:\OpenServer\domains\ishop.loc\vendor\ishop\core\Router.php | Строка 45
 --------------------------------------------------------------------------------------
[2021-12-04 17:12:39] Текст ошибки: Using $this when not in object context| Файл C:\OpenServer\domains\ishop.loc\app\Widgets\Currency\Currency.php | Строка 51
 --------------------------------------------------------------------------------------
[2021-12-04 17:12:31] Текст ошибки: Using $this when not in object context| Файл C:\OpenServer\domains\ishop.loc\app\Widgets\Currency\Currency.php | Строка 51
 --------------------------------------------------------------------------------------
